<?xml version="1.0" encoding="UTF-8"?>
<!-- Generated by org.testng.reporters.JUnitXMLReporter -->
<testsuite ignored="1" hostname="SV-22-QA-003-R" failures="0" tests="1" name="Default test" time="9.62" errors="0" timestamp="2023-02-15T15:13:02 IST">
  <testcase classname="com.qa.justpark.JustParkTests" name="verifyHomePageTitle" time="5.021"/>
  <testcase classname="com.qa.justpark.JustParkTests" name="EnterText" time="0.0">
    <ignored/>
  </testcase> <!-- EnterText -->
</testsuite> <!-- Default test -->
