<?xml version="1.0" encoding="UTF-8"?>
<testng-results ignored="1" total="2" passed="1" failed="0" skipped="0">
  <reporter-output>
  </reporter-output>
  <suite started-at="2023-02-15T15:12:52 IST" name="Default suite" finished-at="2023-02-15T15:13:02 IST" duration-ms="9620">
    <groups>
    </groups>
    <test started-at="2023-02-15T15:12:52 IST" name="Default test" finished-at="2023-02-15T15:13:02 IST" duration-ms="9620">
      <class name="com.qa.justpark.JustParkTests">
        <test-method is-config="true" signature="setup()[pri:0, instance:com.qa.justpark.JustParkTests@173ed316]" started-at="2023-02-15T15:12:52 IST" name="setup" finished-at="2023-02-15T15:12:56 IST" duration-ms="4356" status="PASS">
          <reporter-output>
          </reporter-output>
        </test-method> <!-- setup -->
        <test-method signature="verifyHomePageTitle()[pri:0, instance:com.qa.justpark.JustParkTests@173ed316]" started-at="2023-02-15T15:12:56 IST" name="verifyHomePageTitle" finished-at="2023-02-15T15:13:01 IST" duration-ms="5021" status="PASS">
          <reporter-output>
          </reporter-output>
        </test-method> <!-- verifyHomePageTitle -->
        <test-method is-config="true" signature="TearDown()[pri:0, instance:com.qa.justpark.JustParkTests@173ed316]" started-at="2023-02-15T15:13:01 IST" name="TearDown" finished-at="2023-02-15T15:13:02 IST" duration-ms="188" status="PASS">
          <reporter-output>
          </reporter-output>
        </test-method> <!-- TearDown -->
      </class> <!-- com.qa.justpark.JustParkTests -->
    </test> <!-- Default test -->
  </suite> <!-- Default suite -->
</testng-results>
